#
# A fatal error has been detected by the Java Runtime Environment:
#
#  EXCEPTION_ACCESS_VIOLATION (0xc0000005) at pc=0x000002ae8e748c0b, pid=20356, tid=9544
#
# JRE version: Java(TM) SE Runtime Environment (11.0.1+13) (build 11.0.1+13-LTS)
# Java VM: Java HotSpot(TM) 64-Bit Server VM (11.0.1+13-LTS, mixed mode, tiered, compressed oops, g1 gc, windows-amd64)
# Problematic frame:
# j  PackmanGame.PointsArrayList.main([Ljava/lang/String;)V+259
#
# No core dump will be written. Minidumps are not enabled by default on client versions of Windows
#
# If you would like to submit a bug report, please visit:
#   http://bugreport.java.com/bugreport/crash.jsp
#

---------------  S U M M A R Y ------------

Command Line: -agentlib:jdwp=transport=dt_socket,suspend=y,address=localhost:54043 -Dfile.encoding=Cp1255 PackmanGame.PointsArrayList

Host: Intel(R) Core(TM) i5-8250U CPU @ 1.60GHz, 8 cores, 7G,  Windows 10 , 64 bit Build 17134 (10.0.17134.1)
Time: Sun Jan  6 23:10:44 2019 ???? ???? ??????? elapsed time: 16455 seconds (0d 4h 34m 15s)

---------------  T H R E A D  ---------------

Current thread (0x000002ae863f6000):  JavaThread "main" [_thread_in_Java, id=9544, stack(0x000000b516600000,0x000000b516700000)]

Stack: [0x000000b516600000,0x000000b516700000],  sp=0x000000b5166ff210,  free space=1020k
Native frames: (J=compiled Java code, j=interpreted, Vv=VM code, C=native code)
C  0x000002ae8e748c0b


siginfo: EXCEPTION_ACCESS_VIOLATION (0xc0000005), reading address 0x000002aea556a760


Register to memory mapping:

RIP=0x000002ae8e748c0b is at code_begin+75 in an Interpreter codelet
getstatic  178 getstatic  [0x000002ae8e748bc0, 0x000002ae8e749060]  1184 bytes
RAX=0x0000000089a5c738 is an oop
java.util.ArrayList 
{0x0000000089a5c738} - klass: 'java/util/ArrayList'
RBX=0x00000000000000b2 is an unknown value
RCX=0x000002aea53fe5c0 is pointing into metadata
RDX=0x000000000002d830 is an unknown value
RSP=0x000000b5166ff210 is pointing into the stack for thread: 0x000002ae863f6000
RBP=0x000000b5166ff260 is pointing into the stack for thread: 0x000002ae863f6000
RSI=0x0 is NULL
RDI=0x0 is NULL
R8 =0x0 is NULL
R9 =0x0 is NULL
R10=0x00007ff9076a07a0 jvm.dll
R11=0x0000000100013e88 is pointing into metadata
R12=0x0 is NULL
R13=0x000002aea53fe460 is pointing into metadata
R14=0x000000b5166ff2e0 is pointing into the stack for thread: 0x000002ae863f6000
R15=0x000002ae863f6000 is a thread


Registers:
RAX=0x0000000089a5c738, RBX=0x00000000000000b2, RCX=0x000002aea53fe5c0, RDX=0x000000000002d830
RSP=0x000000b5166ff210, RBP=0x000000b5166ff260, RSI=0x0000000000000000, RDI=0x0000000000000000
R8 =0x0000000000000000, R9 =0x0000000000000000, R10=0x00007ff9076a07a0, R11=0x0000000100013e88
R12=0x0000000000000000, R13=0x000002aea53fe460, R14=0x000000b5166ff2e0, R15=0x000002ae863f6000
RIP=0x000002ae8e748c0b, EFLAGS=0x0000000000010206

Top of Stack: (sp=0x000000b5166ff210)
0x000000b5166ff210:   0000000089a5c738 000000b5166ff218
0x000000b5166ff220:   000002aea53fe45b 000000b5166ff2e0
0x000000b5166ff230:   000002aea53fe5c0 0000000000000000
0x000000b5166ff240:   0000000089a54888 000002aea53fe548
0x000000b5166ff250:   0000000000000000 000000b5166ff2e0
0x000000b5166ff260:   000000b5166ff4c0 000002ae8e720a90
0x000000b5166ff270:   0000000000000000 0000000089a5ca88
0x000000b5166ff280:   0000000089a5c930 0000000089a5c8b8
0x000000b5166ff290:   0000000089a5c840 0000000089a5c818
0x000000b5166ff2a0:   0000000089a5c7f0 0000000089a5c7c8
0x000000b5166ff2b0:   0000000089a5c7a0 0000000089a5c778
0x000000b5166ff2c0:   0000000089a5c750 0000000089a5c738
0x000000b5166ff2d0:   0000000089a5c408 0000000089a59560
0x000000b5166ff2e0:   0000000089a59550 0000000000000000
0x000000b5166ff2f0:   000002ae841f0000 00007ff906eef172
0x000000b5166ff300:   0000000000000000 0000000000000000 

Instructions: (pc=0x000002ae8e748c0b)
0x000002ae8e748beb:   ba 00 00 00 00 00 00 00 00 4c 89 54 24 08 e9 01
0x000002ae8e748bfb:   00 00 00 50 41 0f b7 55 01 48 8b 4d d0 c1 e2 02
0x000002ae8e748c0b:   8b 5c d1 20 c1 eb 10 81 e3 ff 00 00 00 81 fb b2
0x000002ae8e748c1b:   00 00 00 0f 84 87 01 00 00 bb b2 00 00 00 e8 05 


getstatic  178 getstatic  [0x000002ae8e748bc0, 0x000002ae8e749060]  1184 bytes

---------------  P R O C E S S  ---------------

Threads class SMR info:
_java_thread_list=0x000002aea59e4790, length=11, elements={
0x000002ae863f6000, 0x000002aea4fc7000, 0x000002aea4fd0000, 0x000002aea4fdd800,
0x000002aea4fde800, 0x000002aea4fe2800, 0x000002aea4fe9800, 0x000002aea5932800,
0x000002aea5ad6000, 0x000002aea5ae6000, 0x000002aea5af1000
}

Java Threads: ( => current thread )
=>0x000002ae863f6000 JavaThread "main" [_thread_in_Java, id=9544, stack(0x000000b516600000,0x000000b516700000)]
  0x000002aea4fc7000 JavaThread "Reference Handler" daemon [_thread_blocked, id=7604, stack(0x000000b516d00000,0x000000b516e00000)]
  0x000002aea4fd0000 JavaThread "Finalizer" daemon [_thread_blocked, id=22000, stack(0x000000b516e00000,0x000000b516f00000)]
  0x000002aea4fdd800 JavaThread "Signal Dispatcher" daemon [_thread_blocked, id=21424, stack(0x000000b516f00000,0x000000b517000000)]
  0x000002aea4fde800 JavaThread "Attach Listener" daemon [_thread_blocked, id=18952, stack(0x000000b517000000,0x000000b517100000)]
  0x000002aea4fe2800 JavaThread "C2 CompilerThread0" daemon [_thread_blocked, id=23884, stack(0x000000b517100000,0x000000b517200000)]
  0x000002aea4fe9800 JavaThread "C1 CompilerThread0" daemon [_thread_blocked, id=128, stack(0x000000b517200000,0x000000b517300000)]
  0x000002aea5932800 JavaThread "Sweeper thread" daemon [_thread_blocked, id=21436, stack(0x000000b517300000,0x000000b517400000)]
  0x000002aea5ad6000 JavaThread "JDWP Event Helper Thread" daemon [_thread_blocked, id=5524, stack(0x000000b517500000,0x000000b517600000)]
  0x000002aea5ae6000 JavaThread "Service Thread" daemon [_thread_blocked, id=11816, stack(0x000000b517700000,0x000000b517800000)]
  0x000002aea5af1000 JavaThread "Common-Cleaner" daemon [_thread_blocked, id=21548, stack(0x000000b517900000,0x000000b517a00000)]

Other Threads:
  0x000002aea4fa2000 VMThread "VM Thread" [stack: 0x000000b516c00000,0x000000b516d00000] [id=6892]
  0x000002aea5aec800 WatcherThread [stack: 0x000000b517800000,0x000000b517900000] [id=3600]
  0x000002ae8640b800 GCTaskThread "GC Thread#0" [stack: 0x000000b516700000,0x000000b516800000] [id=19952]
  0x000002ae8643e000 ConcurrentGCThread "G1 Main Marker" [stack: 0x000000b516800000,0x000000b516900000] [id=19668]
  0x000002ae86440800 ConcurrentGCThread "G1 Conc#0" [stack: 0x000000b516900000,0x000000b516a00000] [id=23644]
  0x000002aea4e0a800 ConcurrentGCThread "G1 Refine#0" [stack: 0x000000b516a00000,0x000000b516b00000] [id=10064]
  0x000002aea4e0b000 ConcurrentGCThread "G1 Young RemSet Sampling" [stack: 0x000000b516b00000,0x000000b516c00000] [id=22716]

Threads with active compile tasks:

VM state:not at safepoint (normal execution)

VM Mutex/Monitor currently owned by a thread: None

Heap address: 0x0000000081c00000, size: 2020 MB, Compressed Oops mode: 32-bit
Narrow klass base: 0x0000000000000000, Narrow klass shift: 3
Compressed class space size: 1073741824 Address: 0x0000000100000000

Heap:
 garbage-first heap   total 131072K, used 1024K [0x0000000081c00000, 0x0000000100000000)
  region size 1024K, 2 young (2048K), 0 survivors (0K)
 Metaspace       used 5808K, capacity 5872K, committed 6016K, reserved 1056768K
  class space    used 515K, capacity 528K, committed 640K, reserved 1048576K
Heap Regions: E=young(eden), S=young(survivor), O=old, HS=humongous(starts), HC=humongous(continues), CS=collection set, F=free, A=archive, TAMS=top-at-mark-start (previous, next)
|   0|0x0000000081c00000, 0x0000000081c00000, 0x0000000081d00000|  0%| F|  |TAMS 0x0000000081c00000, 0x0000000081c00000| Untracked 
|   1|0x0000000081d00000, 0x0000000081d00000, 0x0000000081e00000|  0%| F|  |TAMS 0x0000000081d00000, 0x0000000081d00000| Untracked 
|   2|0x0000000081e00000, 0x0000000081e00000, 0x0000000081f00000|  0%| F|  |TAMS 0x0000000081e00000, 0x0000000081e00000| Untracked 
|   3|0x0000000081f00000, 0x0000000081f00000, 0x0000000082000000|  0%| F|  |TAMS 0x0000000081f00000, 0x0000000081f00000| Untracked 
|   4|0x0000000082000000, 0x0000000082000000, 0x0000000082100000|  0%| F|  |TAMS 0x0000000082000000, 0x0000000082000000| Untracked 
|   5|0x0000000082100000, 0x0000000082100000, 0x0000000082200000|  0%| F|  |TAMS 0x0000000082100000, 0x0000000082100000| Untracked 
|   6|0x0000000082200000, 0x0000000082200000, 0x0000000082300000|  0%| F|  |TAMS 0x0000000082200000, 0x0000000082200000| Untracked 
|   7|0x0000000082300000, 0x0000000082300000, 0x0000000082400000|  0%| F|  |TAMS 0x0000000082300000, 0x0000000082300000| Untracked 
|   8|0x0000000082400000, 0x0000000082400000, 0x0000000082500000|  0%| F|  |TAMS 0x0000000082400000, 0x0000000082400000| Untracked 
|   9|0x0000000082500000, 0x0000000082500000, 0x0000000082600000|  0%| F|  |TAMS 0x0000000082500000, 0x0000000082500000| Untracked 
|  10|0x0000000082600000, 0x0000000082600000, 0x0000000082700000|  0%| F|  |TAMS 0x0000000082600000, 0x0000000082600000| Untracked 
|  11|0x0000000082700000, 0x0000000082700000, 0x0000000082800000|  0%| F|  |TAMS 0x0000000082700000, 0x0000000082700000| Untracked 
|  12|0x0000000082800000, 0x0000000082800000, 0x0000000082900000|  0%| F|  |TAMS 0x0000000082800000, 0x0000000082800000| Untracked 
|  13|0x0000000082900000, 0x0000000082900000, 0x0000000082a00000|  0%| F|  |TAMS 0x0000000082900000, 0x0000000082900000| Untracked 
|  14|0x0000000082a00000, 0x0000000082a00000, 0x0000000082b00000|  0%| F|  |TAMS 0x0000000082a00000, 0x0000000082a00000| Untracked 
|  15|0x0000000082b00000, 0x0000000082b00000, 0x0000000082c00000|  0%| F|  |TAMS 0x0000000082b00000, 0x0000000082b00000| Untracked 
|  16|0x0000000082c00000, 0x0000000082c00000, 0x0000000082d00000|  0%| F|  |TAMS 0x0000000082c00000, 0x0000000082c00000| Untracked 
|  17|0x0000000082d00000, 0x0000000082d00000, 0x0000000082e00000|  0%| F|  |TAMS 0x0000000082d00000, 0x0000000082d00000| Untracked 
|  18|0x0000000082e00000, 0x0000000082e00000, 0x0000000082f00000|  0%| F|  |TAMS 0x0000000082e00000, 0x0000000082e00000| Untracked 
|  19|0x0000000082f00000, 0x0000000082f00000, 0x0000000083000000|  0%| F|  |TAMS 0x0000000082f00000, 0x0000000082f00000| Untracked 
|  20|0x0000000083000000, 0x0000000083000000, 0x0000000083100000|  0%| F|  |TAMS 0x0000000083000000, 0x0000000083000000| Untracked 
|  21|0x0000000083100000, 0x0000000083100000, 0x0000000083200000|  0%| F|  |TAMS 0x0000000083100000, 0x0000000083100000| Untracked 
|  22|0x0000000083200000, 0x0000000083200000, 0x0000000083300000|  0%| F|  |TAMS 0x0000000083200000, 0x0000000083200000| Untracked 
|  23|0x0000000083300000, 0x0000000083300000, 0x0000000083400000|  0%| F|  |TAMS 0x0000000083300000, 0x0000000083300000| Untracked 
|  24|0x0000000083400000, 0x0000000083400000, 0x0000000083500000|  0%| F|  |TAMS 0x0000000083400000, 0x0000000083400000| Untracked 
|  25|0x0000000083500000, 0x0000000083500000, 0x0000000083600000|  0%| F|  |TAMS 0x0000000083500000, 0x0000000083500000| Untracked 
|  26|0x0000000083600000, 0x0000000083600000, 0x0000000083700000|  0%| F|  |TAMS 0x0000000083600000, 0x0000000083600000| Untracked 
|  27|0x0000000083700000, 0x0000000083700000, 0x0000000083800000|  0%| F|  |TAMS 0x0000000083700000, 0x0000000083700000| Untracked 
|  28|0x0000000083800000, 0x0000000083800000, 0x0000000083900000|  0%| F|  |TAMS 0x0000000083800000, 0x0000000083800000| Untracked 
|  29|0x0000000083900000, 0x0000000083900000, 0x0000000083a00000|  0%| F|  |TAMS 0x0000000083900000, 0x0000000083900000| Untracked 
|  30|0x0000000083a00000, 0x0000000083a00000, 0x0000000083b00000|  0%| F|  |TAMS 0x0000000083a00000, 0x0000000083a00000| Untracked 
|  31|0x0000000083b00000, 0x0000000083b00000, 0x0000000083c00000|  0%| F|  |TAMS 0x0000000083b00000, 0x0000000083b00000| Untracked 
|  32|0x0000000083c00000, 0x0000000083c00000, 0x0000000083d00000|  0%| F|  |TAMS 0x0000000083c00000, 0x0000000083c00000| Untracked 
|  33|0x0000000083d00000, 0x0000000083d00000, 0x0000000083e00000|  0%| F|  |TAMS 0x0000000083d00000, 0x0000000083d00000| Untracked 
|  34|0x0000000083e00000, 0x0000000083e00000, 0x0000000083f00000|  0%| F|  |TAMS 0x0000000083e00000, 0x0000000083e00000| Untracked 
|  35|0x0000000083f00000, 0x0000000083f00000, 0x0000000084000000|  0%| F|  |TAMS 0x0000000083f00000, 0x0000000083f00000| Untracked 
|  36|0x0000000084000000, 0x0000000084000000, 0x0000000084100000|  0%| F|  |TAMS 0x0000000084000000, 0x0000000084000000| Untracked 
|  37|0x0000000084100000, 0x0000000084100000, 0x0000000084200000|  0%| F|  |TAMS 0x0000000084100000, 0x0000000084100000| Untracked 
|  38|0x0000000084200000, 0x0000000084200000, 0x0000000084300000|  0%| F|  |TAMS 0x0000000084200000, 0x0000000084200000| Untracked 
|  39|0x0000000084300000, 0x0000000084300000, 0x0000000084400000|  0%| F|  |TAMS 0x0000000084300000, 0x0000000084300000| Untracked 
|  40|0x0000000084400000, 0x0000000084400000, 0x0000000084500000|  0%| F|  |TAMS 0x0000000084400000, 0x0000000084400000| Untracked 
|  41|0x0000000084500000, 0x0000000084500000, 0x0000000084600000|  0%| F|  |TAMS 0x0000000084500000, 0x0000000084500000| Untracked 
|  42|0x0000000084600000, 0x0000000084600000, 0x0000000084700000|  0%| F|  |TAMS 0x0000000084600000, 0x0000000084600000| Untracked 
|  43|0x0000000084700000, 0x0000000084700000, 0x0000000084800000|  0%| F|  |TAMS 0x0000000084700000, 0x0000000084700000| Untracked 
|  44|0x0000000084800000, 0x0000000084800000, 0x0000000084900000|  0%| F|  |TAMS 0x0000000084800000, 0x0000000084800000| Untracked 
|  45|0x0000000084900000, 0x0000000084900000, 0x0000000084a00000|  0%| F|  |TAMS 0x0000000084900000, 0x0000000084900000| Untracked 
|  46|0x0000000084a00000, 0x0000000084a00000, 0x0000000084b00000|  0%| F|  |TAMS 0x0000000084a00000, 0x0000000084a00000| Untracked 
|  47|0x0000000084b00000, 0x0000000084b00000, 0x0000000084c00000|  0%| F|  |TAMS 0x0000000084b00000, 0x0000000084b00000| Untracked 
|  48|0x0000000084c00000, 0x0000000084c00000, 0x0000000084d00000|  0%| F|  |TAMS 0x0000000084c00000, 0x0000000084c00000| Untracked 
|  49|0x0000000084d00000, 0x0000000084d00000, 0x0000000084e00000|  0%| F|  |TAMS 0x0000000084d00000, 0x0000000084d00000| Untracked 
|  50|0x0000000084e00000, 0x0000000084e00000, 0x0000000084f00000|  0%| F|  |TAMS 0x0000000084e00000, 0x0000000084e00000| Untracked 
|  51|0x0000000084f00000, 0x0000000084f00000, 0x0000000085000000|  0%| F|  |TAMS 0x0000000084f00000, 0x0000000084f00000| Untracked 
|  52|0x0000000085000000, 0x0000000085000000, 0x0000000085100000|  0%| F|  |TAMS 0x0000000085000000, 0x0000000085000000| Untracked 
|  53|0x0000000085100000, 0x0000000085100000, 0x0000000085200000|  0%| F|  |TAMS 0x0000000085100000, 0x0000000085100000| Untracked 
|  54|0x0000000085200000, 0x0000000085200000, 0x0000000085300000|  0%| F|  |TAMS 0x0000000085200000, 0x0000000085200000| Untracked 
|  55|0x0000000085300000, 0x0000000085300000, 0x0000000085400000|  0%| F|  |TAMS 0x0000000085300000, 0x0000000085300000| Untracked 
|  56|0x0000000085400000, 0x0000000085400000, 0x0000000085500000|  0%| F|  |TAMS 0x0000000085400000, 0x0000000085400000| Untracked 
|  57|0x0000000085500000, 0x0000000085500000, 0x0000000085600000|  0%| F|  |TAMS 0x0000000085500000, 0x0000000085500000| Untracked 
|  58|0x0000000085600000, 0x0000000085600000, 0x0000000085700000|  0%| F|  |TAMS 0x0000000085600000, 0x0000000085600000| Untracked 
|  59|0x0000000085700000, 0x0000000085700000, 0x0000000085800000|  0%| F|  |TAMS 0x0000000085700000, 0x0000000085700000| Untracked 
|  60|0x0000000085800000, 0x0000000085800000, 0x0000000085900000|  0%| F|  |TAMS 0x0000000085800000, 0x0000000085800000| Untracked 
|  61|0x0000000085900000, 0x0000000085900000, 0x0000000085a00000|  0%| F|  |TAMS 0x0000000085900000, 0x0000000085900000| Untracked 
|  62|0x0000000085a00000, 0x0000000085a00000, 0x0000000085b00000|  0%| F|  |TAMS 0x0000000085a00000, 0x0000000085a00000| Untracked 
|  63|0x0000000085b00000, 0x0000000085b00000, 0x0000000085c00000|  0%| F|  |TAMS 0x0000000085b00000, 0x0000000085b00000| Untracked 
|  64|0x0000000085c00000, 0x0000000085c00000, 0x0000000085d00000|  0%| F|  |TAMS 0x0000000085c00000, 0x0000000085c00000| Untracked 
|  65|0x0000000085d00000, 0x0000000085d00000, 0x0000000085e00000|  0%| F|  |TAMS 0x0000000085d00000, 0x0000000085d00000| Untracked 
|  66|0x0000000085e00000, 0x0000000085e00000, 0x0000000085f00000|  0%| F|  |TAMS 0x0000000085e00000, 0x0000000085e00000| Untracked 
|  67|0x0000000085f00000, 0x0000000085f00000, 0x0000000086000000|  0%| F|  |TAMS 0x0000000085f00000, 0x0000000085f00000| Untracked 
|  68|0x0000000086000000, 0x0000000086000000, 0x0000000086100000|  0%| F|  |TAMS 0x0000000086000000, 0x0000000086000000| Untracked 
|  69|0x0000000086100000, 0x0000000086100000, 0x0000000086200000|  0%| F|  |TAMS 0x0000000086100000, 0x0000000086100000| Untracked 
|  70|0x0000000086200000, 0x0000000086200000, 0x0000000086300000|  0%| F|  |TAMS 0x0000000086200000, 0x0000000086200000| Untracked 
|  71|0x0000000086300000, 0x0000000086300000, 0x0000000086400000|  0%| F|  |TAMS 0x0000000086300000, 0x0000000086300000| Untracked 
|  72|0x0000000086400000, 0x0000000086400000, 0x0000000086500000|  0%| F|  |TAMS 0x0000000086400000, 0x0000000086400000| Untracked 
|  73|0x0000000086500000, 0x0000000086500000, 0x0000000086600000|  0%| F|  |TAMS 0x0000000086500000, 0x0000000086500000| Untracked 
|  74|0x0000000086600000, 0x0000000086600000, 0x0000000086700000|  0%| F|  |TAMS 0x0000000086600000, 0x0000000086600000| Untracked 
|  75|0x0000000086700000, 0x0000000086700000, 0x0000000086800000|  0%| F|  |TAMS 0x0000000086700000, 0x0000000086700000| Untracked 
|  76|0x0000000086800000, 0x0000000086800000, 0x0000000086900000|  0%| F|  |TAMS 0x0000000086800000, 0x0000000086800000| Untracked 
|  77|0x0000000086900000, 0x0000000086900000, 0x0000000086a00000|  0%| F|  |TAMS 0x0000000086900000, 0x0000000086900000| Untracked 
|  78|0x0000000086a00000, 0x0000000086a00000, 0x0000000086b00000|  0%| F|  |TAMS 0x0000000086a00000, 0x0000000086a00000| Untracked 
|  79|0x0000000086b00000, 0x0000000086b00000, 0x0000000086c00000|  0%| F|  |TAMS 0x0000000086b00000, 0x0000000086b00000| Untracked 
|  80|0x0000000086c00000, 0x0000000086c00000, 0x0000000086d00000|  0%| F|  |TAMS 0x0000000086c00000, 0x0000000086c00000| Untracked 
|  81|0x0000000086d00000, 0x0000000086d00000, 0x0000000086e00000|  0%| F|  |TAMS 0x0000000086d00000, 0x0000000086d00000| Untracked 
|  82|0x0000000086e00000, 0x0000000086e00000, 0x0000000086f00000|  0%| F|  |TAMS 0x0000000086e00000, 0x0000000086e00000| Untracked 
|  83|0x0000000086f00000, 0x0000000086f00000, 0x0000000087000000|  0%| F|  |TAMS 0x0000000086f00000, 0x0000000086f00000| Untracked 
|  84|0x0000000087000000, 0x0000000087000000, 0x0000000087100000|  0%| F|  |TAMS 0x0000000087000000, 0x0000000087000000| Untracked 
|  85|0x0000000087100000, 0x0000000087100000, 0x0000000087200000|  0%| F|  |TAMS 0x0000000087100000, 0x0000000087100000| Untracked 
|  86|0x0000000087200000, 0x0000000087200000, 0x0000000087300000|  0%| F|  |TAMS 0x0000000087200000, 0x0000000087200000| Untracked 
|  87|0x0000000087300000, 0x0000000087300000, 0x0000000087400000|  0%| F|  |TAMS 0x0000000087300000, 0x0000000087300000| Untracked 
|  88|0x0000000087400000, 0x0000000087400000, 0x0000000087500000|  0%| F|  |TAMS 0x0000000087400000, 0x0000000087400000| Untracked 
|  89|0x0000000087500000, 0x0000000087500000, 0x0000000087600000|  0%| F|  |TAMS 0x0000000087500000, 0x0000000087500000| Untracked 
|  90|0x0000000087600000, 0x0000000087600000, 0x0000000087700000|  0%| F|  |TAMS 0x0000000087600000, 0x0000000087600000| Untracked 
|  91|0x0000000087700000, 0x0000000087700000, 0x0000000087800000|  0%| F|  |TAMS 0x0000000087700000, 0x0000000087700000| Untracked 
|  92|0x0000000087800000, 0x0000000087800000, 0x0000000087900000|  0%| F|  |TAMS 0x0000000087800000, 0x0000000087800000| Untracked 
|  93|0x0000000087900000, 0x0000000087900000, 0x0000000087a00000|  0%| F|  |TAMS 0x0000000087900000, 0x0000000087900000| Untracked 
|  94|0x0000000087a00000, 0x0000000087a00000, 0x0000000087b00000|  0%| F|  |TAMS 0x0000000087a00000, 0x0000000087a00000| Untracked 
|  95|0x0000000087b00000, 0x0000000087b00000, 0x0000000087c00000|  0%| F|  |TAMS 0x0000000087b00000, 0x0000000087b00000| Untracked 
|  96|0x0000000087c00000, 0x0000000087c00000, 0x0000000087d00000|  0%| F|  |TAMS 0x0000000087c00000, 0x0000000087c00000| Untracked 
|  97|0x0000000087d00000, 0x0000000087d00000, 0x0000000087e00000|  0%| F|  |TAMS 0x0000000087d00000, 0x0000000087d00000| Untracked 
|  98|0x0000000087e00000, 0x0000000087e00000, 0x0000000087f00000|  0%| F|  |TAMS 0x0000000087e00000, 0x0000000087e00000| Untracked 
|  99|0x0000000087f00000, 0x0000000087f00000, 0x0000000088000000|  0%| F|  |TAMS 0x0000000087f00000, 0x0000000087f00000| Untracked 
| 100|0x0000000088000000, 0x0000000088000000, 0x0000000088100000|  0%| F|  |TAMS 0x0000000088000000, 0x0000000088000000| Untracked 
| 101|0x0000000088100000, 0x0000000088100000, 0x0000000088200000|  0%| F|  |TAMS 0x0000000088100000, 0x0000000088100000| Untracked 
| 102|0x0000000088200000, 0x0000000088200000, 0x0000000088300000|  0%| F|  |TAMS 0x0000000088200000, 0x0000000088200000| Untracked 
| 103|0x0000000088300000, 0x0000000088300000, 0x0000000088400000|  0%| F|  |TAMS 0x0000000088300000, 0x0000000088300000| Untracked 
| 104|0x0000000088400000, 0x0000000088400000, 0x0000000088500000|  0%| F|  |TAMS 0x0000000088400000, 0x0000000088400000| Untracked 
| 105|0x0000000088500000, 0x0000000088500000, 0x0000000088600000|  0%| F|  |TAMS 0x0000000088500000, 0x0000000088500000| Untracked 
| 106|0x0000000088600000, 0x0000000088600000, 0x0000000088700000|  0%| F|  |TAMS 0x0000000088600000, 0x0000000088600000| Untracked 
| 107|0x0000000088700000, 0x0000000088700000, 0x0000000088800000|  0%| F|  |TAMS 0x0000000088700000, 0x0000000088700000| Untracked 
| 108|0x0000000088800000, 0x0000000088800000, 0x0000000088900000|  0%| F|  |TAMS 0x0000000088800000, 0x0000000088800000| Untracked 
| 109|0x0000000088900000, 0x0000000088900000, 0x0000000088a00000|  0%| F|  |TAMS 0x0000000088900000, 0x0000000088900000| Untracked 
| 110|0x0000000088a00000, 0x0000000088a00000, 0x0000000088b00000|  0%| F|  |TAMS 0x0000000088a00000, 0x0000000088a00000| Untracked 
| 111|0x0000000088b00000, 0x0000000088b00000, 0x0000000088c00000|  0%| F|  |TAMS 0x0000000088b00000, 0x0000000088b00000| Untracked 
| 112|0x0000000088c00000, 0x0000000088c00000, 0x0000000088d00000|  0%| F|  |TAMS 0x0000000088c00000, 0x0000000088c00000| Untracked 
| 113|0x0000000088d00000, 0x0000000088d00000, 0x0000000088e00000|  0%| F|  |TAMS 0x0000000088d00000, 0x0000000088d00000| Untracked 
| 114|0x0000000088e00000, 0x0000000088e00000, 0x0000000088f00000|  0%| F|  |TAMS 0x0000000088e00000, 0x0000000088e00000| Untracked 
| 115|0x0000000088f00000, 0x0000000088f00000, 0x0000000089000000|  0%| F|  |TAMS 0x0000000088f00000, 0x0000000088f00000| Untracked 
| 116|0x0000000089000000, 0x0000000089000000, 0x0000000089100000|  0%| F|  |TAMS 0x0000000089000000, 0x0000000089000000| Untracked 
| 117|0x0000000089100000, 0x0000000089100000, 0x0000000089200000|  0%| F|  |TAMS 0x0000000089100000, 0x0000000089100000| Untracked 
| 118|0x0000000089200000, 0x0000000089200000, 0x0000000089300000|  0%| F|  |TAMS 0x0000000089200000, 0x0000000089200000| Untracked 
| 119|0x0000000089300000, 0x0000000089300000, 0x0000000089400000|  0%| F|  |TAMS 0x0000000089300000, 0x0000000089300000| Untracked 
| 120|0x0000000089400000, 0x0000000089400000, 0x0000000089500000|  0%| F|  |TAMS 0x0000000089400000, 0x0000000089400000| Untracked 
| 121|0x0000000089500000, 0x0000000089500000, 0x0000000089600000|  0%| F|  |TAMS 0x0000000089500000, 0x0000000089500000| Untracked 
| 122|0x0000000089600000, 0x0000000089600000, 0x0000000089700000|  0%| F|  |TAMS 0x0000000089600000, 0x0000000089600000| Untracked 
| 123|0x0000000089700000, 0x0000000089700000, 0x0000000089800000|  0%| F|  |TAMS 0x0000000089700000, 0x0000000089700000| Untracked 
| 124|0x0000000089800000, 0x0000000089800000, 0x0000000089900000|  0%| F|  |TAMS 0x0000000089800000, 0x0000000089800000| Untracked 
| 125|0x0000000089900000, 0x0000000089900000, 0x0000000089a00000|  0%| F|  |TAMS 0x0000000089900000, 0x0000000089900000| Untracked 
| 126|0x0000000089a00000, 0x0000000089af64a8, 0x0000000089b00000| 96%| E|  |TAMS 0x0000000089a00000, 0x0000000089a00000| Complete 
| 127|0x0000000089b00000, 0x0000000089c00000, 0x0000000089c00000|100%| E|CS|TAMS 0x0000000089b00000, 0x0000000089b00000| Complete 

Card table byte_map: [0x000002ae9de50000,0x000002ae9e250000] _byte_map_base: 0x000002ae9da42000

Marking Bits (Prev, Next): (CMBitMap*) 0x000002ae864342e8, (CMBitMap*) 0x000002ae86434320
 Prev Bits: [0x000002ae9e650000, 0x000002aea05e0000)
 Next Bits: [0x000002aea05e0000, 0x000002aea2570000)

Polling page: 0x000002ae841d0000

Metaspace:

Usage:
  Non-class:      5.22 MB capacity,     5.17 MB (>99%) used,    48.98 KB ( <1%) free+waste,     1.75 KB ( <1%) overhead. 
      Class:    528.00 KB capacity,   515.15 KB ( 98%) used,    12.04 KB (  2%) free+waste,   832 bytes ( <1%) overhead. 
       Both:      5.73 MB capacity,     5.67 MB ( 99%) used,    61.02 KB (  1%) free+waste,     2.56 KB ( <1%) overhead. 

Virtual space:
  Non-class space:        8.00 MB reserved,       5.25 MB ( 66%) committed 
      Class space:        1.00 GB reserved,     640.00 KB ( <1%) committed 
             Both:        1.01 GB reserved,       5.88 MB ( <1%) committed 

Chunk freelists:
   Non-Class:  4.00 KB
       Class:  2.00 KB
        Both:  6.00 KB

CodeHeap 'non-profiled nmethods': size=120000Kb used=26Kb max_used=26Kb free=119973Kb
 bounds [0x000002ae961f0000, 0x000002ae96460000, 0x000002ae9d720000]
CodeHeap 'profiled nmethods': size=120000Kb used=156Kb max_used=156Kb free=119843Kb
 bounds [0x000002ae8ecc0000, 0x000002ae8ef30000, 0x000002ae961f0000]
CodeHeap 'non-nmethods': size=5760Kb used=1102Kb max_used=1114Kb free=4657Kb
 bounds [0x000002ae8e720000, 0x000002ae8e990000, 0x000002ae8ecc0000]
 total_blobs=453 nmethods=108 adapters=210
 compilation: enabled
              stopped_count=0, restarted_count=0
 full_count=0

Compilation events (10 events):
Event: 0.232 Thread 0x000002aea4fe9800  101       3       java.lang.String::checkBoundsBeginEnd (60 bytes)
Event: 0.233 Thread 0x000002aea4fe9800 nmethod 101 0x000002ae8ece4b90 code [0x000002ae8ece4e60, 0x000002ae8ece5a20]
Event: 0.233 Thread 0x000002aea4fe9800  103       3       java.lang.System::getSecurityManager (4 bytes)
Event: 0.233 Thread 0x000002aea4fe9800 nmethod 103 0x000002ae8ece5e90 code [0x000002ae8ece6040, 0x000002ae8ece6198]
Event: 0.239 Thread 0x000002aea4fe2800  104       4       java.lang.String::charAt (25 bytes)
Event: 0.239 Thread 0x000002aea4fe9800  105       3       java.lang.StringLatin1::lastIndexOf (40 bytes)
Event: 0.239 Thread 0x000002aea4fe9800 nmethod 105 0x000002ae8ece6210 code [0x000002ae8ece63e0, 0x000002ae8ece67f8]
Event: 0.240 Thread 0x000002aea4fe2800 nmethod 104 0x000002ae961f5b10 code [0x000002ae961f5cc0, 0x000002ae961f5e68]
Event: 7501.203 Thread 0x000002aea4fe9800  107       3       java.lang.ref.ReferenceQueue::reallyPoll (65 bytes)
Event: 7501.208 Thread 0x000002aea4fe9800 nmethod 107 0x000002ae8ece6990 code [0x000002ae8ece6b80, 0x000002ae8ece70d8]

GC Heap History (0 events):
No events

Deoptimization events (1 events):
Event: 0.205 Thread 0x000002ae863f6000 Uncommon trap: reason=unstable_if action=reinterpret pc=0x000002ae961f5344 method=java.lang.String.hashCode()I @ 14 c2

Classes redefined (10 events):
Event: 391.634 Thread 0x000002aea4fa2000 redefined class name=PackmanGame.PointsArrayList, count=7
Event: 656.236 Thread 0x000002aea4fa2000 redefined class name=PackmanGame.PointsArrayList, count=8
Event: 767.383 Thread 0x000002aea4fa2000 redefined class name=PackmanGame.PointsArrayList, count=9
Event: 878.573 Thread 0x000002aea4fa2000 redefined class name=PackmanGame.PointsArrayList, count=10
Event: 886.906 Thread 0x000002aea4fa2000 redefined class name=PackmanGame.PointsArrayList, count=11
Event: 1087.385 Thread 0x000002aea4fa2000 redefined class name=PackmanGame.PointsArrayList, count=12
Event: 1256.203 Thread 0x000002aea4fa2000 redefined class name=PackmanGame.PointsArrayList, count=13
Event: 1277.704 Thread 0x000002aea4fa2000 redefined class name=PackmanGame.PointsArrayList, count=14
Event: 1299.056 Thread 0x000002aea4fa2000 redefined class name=PackmanGame.PointsArrayList, count=15
Event: 1310.652 Thread 0x000002aea4fa2000 redefined class name=PackmanGame.PointsArrayList, count=16

Internal exceptions (3 events):
Event: 16455.397 Thread 0x000002ae863f6000 Exception <a 'java/io/IOException'{0x0000000089a5cd38}> (0x0000000089a5cd38) thrown at [t:/workspace/open/src/hotspot/share/prims/jni.cpp, line 615]
Event: 16455.397 Thread 0x000002ae863f6000 Exception <a 'java/io/IOException'{0x0000000089a5d128}> (0x0000000089a5d128) thrown at [t:/workspace/open/src/hotspot/share/prims/jni.cpp, line 615]
Event: 16455.397 Thread 0x000002ae863f6000 Exception <a 'java/io/IOException'{0x0000000089a5d460}> (0x0000000089a5d460) thrown at [t:/workspace/open/src/hotspot/share/prims/jni.cpp, line 615]

Events (10 events):
Event: 16315.417 Executing VM operation: GetCurrentContendedMonitor
Event: 16315.417 Executing VM operation: GetCurrentContendedMonitor done
Event: 16455.379 Executing VM operation: ChangeBreakpoints
Event: 16455.380 Executing VM operation: ChangeBreakpoints done
Event: 16455.383 Thread 0x000002aea5ad7000 Thread exited: 0x000002aea5ad7000
Event: 16455.388 Thread 0x000002aea5acc000 Thread exited: 0x000002aea5acc000
Event: 16455.396 loading class java/io/IOException
Event: 16455.396 loading class java/io/IOException done
Event: 16455.397 loading class java/io/InterruptedIOException
Event: 16455.397 loading class java/io/InterruptedIOException done


Dynamic libraries:
0x00007ff6e28f0000 - 0x00007ff6e2937000 	C:\Program Files\Java\jdk-11.0.1\bin\javaw.exe
0x00007ff93a520000 - 0x00007ff93a701000 	C:\WINDOWS\SYSTEM32\ntdll.dll
0x00007ff939f10000 - 0x00007ff939fc2000 	C:\WINDOWS\System32\KERNEL32.DLL
0x00007ff937690000 - 0x00007ff937903000 	C:\WINDOWS\System32\KERNELBASE.dll
0x00007ff939fd0000 - 0x00007ff93a071000 	C:\WINDOWS\System32\ADVAPI32.dll
0x00007ff937d20000 - 0x00007ff937dbe000 	C:\WINDOWS\System32\msvcrt.dll
0x00007ff937fb0000 - 0x00007ff93800b000 	C:\WINDOWS\System32\sechost.dll
0x00007ff9379b0000 - 0x00007ff937ad4000 	C:\WINDOWS\System32\RPCRT4.dll
0x00007ff937e20000 - 0x00007ff937fb0000 	C:\WINDOWS\System32\USER32.dll
0x00007ff9370b0000 - 0x00007ff9370d0000 	C:\WINDOWS\System32\win32u.dll
0x00007ff93a090000 - 0x00007ff93a0b8000 	C:\WINDOWS\System32\GDI32.dll
0x00007ff9374f0000 - 0x00007ff937682000 	C:\WINDOWS\System32\gdi32full.dll
0x00007ff937910000 - 0x00007ff9379af000 	C:\WINDOWS\System32\msvcp_win.dll
0x00007ff9373f0000 - 0x00007ff9374ea000 	C:\WINDOWS\System32\ucrtbase.dll
0x00007ff91cd10000 - 0x00007ff91cf79000 	C:\WINDOWS\WinSxS\amd64_microsoft.windows.common-controls_6595b64144ccf1df_6.0.17134.472_none_fb3f9af53068156d\COMCTL32.dll
0x00007ff9272c0000 - 0x00007ff9272ca000 	C:\WINDOWS\SYSTEM32\VERSION.dll
0x00007ff93a0d0000 - 0x00007ff93a3f2000 	C:\WINDOWS\System32\combase.dll
0x00007ff937120000 - 0x00007ff93719a000 	C:\WINDOWS\System32\bcryptPrimitives.dll
0x00007ff938150000 - 0x00007ff93817d000 	C:\WINDOWS\System32\IMM32.DLL
0x00007ff931be0000 - 0x00007ff931bf6000 	C:\Program Files\Java\jdk-11.0.1\bin\vcruntime140.dll
0x00007ff92d230000 - 0x00007ff92d2da000 	C:\Program Files\Java\jdk-11.0.1\bin\msvcp140.dll
0x00007ff906c10000 - 0x00007ff907752000 	C:\Program Files\Java\jdk-11.0.1\bin\server\jvm.dll
0x00007ff938140000 - 0x00007ff938148000 	C:\WINDOWS\System32\PSAPI.DLL
0x00007ff926250000 - 0x00007ff926259000 	C:\WINDOWS\SYSTEM32\WSOCK32.dll
0x00007ff92fc70000 - 0x00007ff92fc93000 	C:\WINDOWS\SYSTEM32\WINMM.dll
0x00007ff939ce0000 - 0x00007ff939d4c000 	C:\WINDOWS\System32\WS2_32.dll
0x00007ff92fc20000 - 0x00007ff92fc4a000 	C:\WINDOWS\SYSTEM32\winmmbase.dll
0x00007ff9370d0000 - 0x00007ff937119000 	C:\WINDOWS\System32\cfgmgr32.dll
0x00007ff936860000 - 0x00007ff936871000 	C:\WINDOWS\System32\kernel.appcore.dll
0x00007ff931bc0000 - 0x00007ff931bd1000 	C:\Program Files\Java\jdk-11.0.1\bin\verify.dll
0x00007ff934910000 - 0x00007ff934ad9000 	C:\WINDOWS\SYSTEM32\DBGHELP.DLL
0x00007ff92df40000 - 0x00007ff92df69000 	C:\WINDOWS\SYSTEM32\dbgcore.DLL
0x00007ff930060000 - 0x00007ff930089000 	C:\Program Files\Java\jdk-11.0.1\bin\java.dll
0x00007ff9235a0000 - 0x00007ff9235d7000 	C:\Program Files\Java\jdk-11.0.1\bin\jdwp.dll
0x00007ff931b10000 - 0x00007ff931b26000 	C:\Program Files\Java\jdk-11.0.1\bin\zip.dll
0x00007ff932260000 - 0x00007ff93226a000 	C:\Program Files\Java\jdk-11.0.1\bin\jimage.dll
0x00007ff9388a0000 - 0x00007ff939ce0000 	C:\WINDOWS\System32\SHELL32.dll
0x00007ff938030000 - 0x00007ff9380d9000 	C:\WINDOWS\System32\shcore.dll
0x00007ff9368f0000 - 0x00007ff936ffd000 	C:\WINDOWS\System32\windows.storage.dll
0x00007ff939d50000 - 0x00007ff939da1000 	C:\WINDOWS\System32\shlwapi.dll
0x00007ff9368d0000 - 0x00007ff9368ef000 	C:\WINDOWS\System32\profapi.dll
0x00007ff936880000 - 0x00007ff9368cc000 	C:\WINDOWS\System32\powrprof.dll
0x00007ff936830000 - 0x00007ff93683a000 	C:\WINDOWS\System32\FLTLIB.DLL
0x00007ff933ac0000 - 0x00007ff933aca000 	C:\Program Files\Java\jdk-11.0.1\bin\dt_socket.dll
0x00007ff9360b0000 - 0x00007ff936116000 	C:\WINDOWS\System32\mswsock.dll
0x00007ff935e80000 - 0x00007ff935f3e000 	C:\WINDOWS\SYSTEM32\DNSAPI.dll
0x00007ff93a080000 - 0x00007ff93a088000 	C:\WINDOWS\System32\NSI.dll
0x00007ff935e30000 - 0x00007ff935e68000 	C:\WINDOWS\SYSTEM32\IPHLPAPI.DLL
0x00007ff92bd10000 - 0x00007ff92bd82000 	C:\WINDOWS\System32\fwpuclnt.dll
0x00007ff936390000 - 0x00007ff9363b5000 	C:\WINDOWS\SYSTEM32\bcrypt.dll
0x00007ff92d7c0000 - 0x00007ff92d7ca000 	C:\Windows\System32\rasadhlp.dll
0x00007ff931ad0000 - 0x00007ff931ae9000 	C:\Program Files\Java\jdk-11.0.1\bin\net.dll
0x00007ff932c40000 - 0x00007ff932d1d000 	C:\WINDOWS\SYSTEM32\WINHTTP.dll
0x00007ff92fcf0000 - 0x00007ff92fd03000 	C:\Program Files\Java\jdk-11.0.1\bin\nio.dll

dbghelp: loaded successfully - version: 4.0.5 - missing functions: none
symbol engine: initialized successfully - sym options: 0x614 - pdb path: .;C:\Program Files\Java\jdk-11.0.1\bin;C:\WINDOWS\SYSTEM32;C:\WINDOWS\WinSxS\amd64_microsoft.windows.common-controls_6595b64144ccf1df_6.0.17134.472_none_fb3f9af53068156d;C:\Program Files\Java\jdk-11.0.1\bin\server

VM Arguments:
jvm_args: -agentlib:jdwp=transport=dt_socket,suspend=y,address=localhost:54043 -Dfile.encoding=Cp1255 
java_command: PackmanGame.PointsArrayList
java_class_path (initial): C:\Program Files\Java\jdk-11.0.1\lib\jrt-fs.jar;D:\workspace\project_gps_coordinates\bin;D:\workspace\project_gps_coordinates\json-simple-1.1.jar;C:\Program Files\eclipse\plugins\org.junit.jupiter.api_5.0.0.v20170910-2246.jar;C:\Program Files\eclipse\plugins\org.junit.jupiter.engine_5.0.0.v20170910-2246.jar;C:\Program Files\eclipse\plugins\org.junit.jupiter.migrationsupport_5.0.0.v20170910-2246.jar;C:\Program Files\eclipse\plugins\org.junit.jupiter.params_5.0.0.v20170910-2246.jar;C:\Program Files\eclipse\plugins\org.junit.platform.commons_1.0.0.v20170910-2246.jar;C:\Program Files\eclipse\plugins\org.junit.platform.engine_1.0.0.v20170910-2246.jar;C:\Program Files\eclipse\plugins\org.junit.platform.launcher_1.0.0.v20170910-2246.jar;C:\Program Files\eclipse\plugins\org.junit.platform.runner_1.0.0.v20170910-2246.jar;C:\Program Files\eclipse\plugins\org.junit.platform.suite.api_1.0.0.v20170910-2246.jar;C:\Program Files\eclipse\plugins\org.junit.vintage.engine_4.12.0.v20170910-2246.jar;C:\Program Files\eclipse\plugins\org.opentest4j_1.0.0.v20170910-2246.jar;C:\Program Files\eclipse\plugins\org.apiguardian_1.0.0.v20170910-2246.jar;C:\Program Files\eclipse\plugins\org.junit_4.12.0.v201504281640\junit.jar;C:\Program Files\eclipse\plugins\org.hamcrest.core_1.3.0.v201303031735.jar;D:\yaara\שולחן העבודה\לימודים\שנה ב\מונחה עצמים\מטלה 4\Ex4_OOP\mysql-connector-java-5.1.47.jar;D:\yaara\שולחן העבודה\לימודים\שנה ב\מונחה עצמים\מטלה 4\Ex4_v0.2.jar;D:\yaara\שולחן העבודה\לימודים\שנה ב\מונחה עצמים\מטלה 4\Graph_101\Graph_v0.1.jar
Launcher Type: SUN_STANDARD

[Global flags]
     intx CICompilerCount                          = 4                                         {product} {ergonomic}
     uint ConcGCThreads                            = 2                                         {product} {ergonomic}
     uint G1ConcRefinementThreads                  = 8                                         {product} {ergonomic}
   size_t G1HeapRegionSize                         = 1048576                                   {product} {ergonomic}
    uintx GCDrainStackTargetSize                   = 64                                        {product} {ergonomic}
   size_t InitialHeapSize                          = 134217728                                 {product} {ergonomic}
   size_t MarkStackSize                            = 4194304                                   {product} {ergonomic}
   size_t MaxHeapSize                              = 2118123520                                {product} {ergonomic}
   size_t MaxNewSize                               = 1270874112                                {product} {ergonomic}
   size_t MinHeapDeltaBytes                        = 1048576                                   {product} {ergonomic}
    uintx NonNMethodCodeHeapSize                   = 5835340                                {pd product} {ergonomic}
    uintx NonProfiledCodeHeapSize                  = 122911450                              {pd product} {ergonomic}
    uintx ProfiledCodeHeapSize                     = 122911450                              {pd product} {ergonomic}
    uintx ReservedCodeCacheSize                    = 251658240                              {pd product} {ergonomic}
     bool SegmentedCodeCache                       = true                                      {product} {ergonomic}
     bool UseCompressedClassPointers               = true                                 {lp64_product} {ergonomic}
     bool UseCompressedOops                        = true                                 {lp64_product} {ergonomic}
     bool UseG1GC                                  = true                                      {product} {ergonomic}
     bool UseLargePagesIndividualAllocation        = false                                  {pd product} {ergonomic}

Logging:
Log output configuration:
 #0: stdout all=warning uptime,level,tags
 #1: stderr all=off uptime,level,tags

Environment Variables:
PATH=C:/Program Files/Java/jre1.8.0_191/bin/server;C:/Program Files/Java/jre1.8.0_191/bin;C:/Program Files/Java/jre1.8.0_191/lib/amd64;C:\Program Files (x86)\Common Files\Oracle\Java\javapath;C:\ProgramData\Oracle\Java\javapath;C:\Program Files (x86)\Intel\iCLS Client\;C:\Program Files\Intel\iCLS Client\;C:\Windows\system32;C:\Windows;C:\Windows\System32\Wbem;C:\Windows\System32\WindowsPowerShell\v1.0\;C:\Program Files (x86)\Intel\Intel(R) Management Engine Components\DAL;C:\Program Files\Intel\Intel(R) Management Engine Components\DAL;C:\Program Files (x86)\Intel\Intel(R) Management Engine Components\IPT;C:\Program Files\Intel\Intel(R) Management Engine Components\IPT;C:\Program Files (x86)\NVIDIA Corporation\PhysX\Common;C:\WINDOWS\system32;C:\WINDOWS;C:\WINDOWS\System32\Wbem;C:\WINDOWS\System32\WindowsPowerShell\v1.0\;C:\WINDOWS\System32\OpenSSH\;C:\Program Files\Intel\WiFi\bin\;C:\Program Files\Common Files\Intel\WirelessCommon\;C:\Program Files\nodejs\;C:\WINDOWS\system32\config\systemprofile\.dnx\bin;C:\Program Files\Microsoft DNX\Dnvm\;C:\Program Files\Microsoft SQL Server\130\Tools\Binn\;C:\Program Files (x86)\Windows Kits\8.1\Windows Performance Toolkit\;C:\Program Files (x86)\MinGW\bin;C:\Windows\System32;C:\Program Files\Java\jdk-10.0.1\bin;C:\Users\יערה\AppData\Local\Microsoft\WindowsApps;C:\Users\יערה\AppData\Roaming\npm;C:\Program Files\eclipse;
USERNAME=יערה
OS=Windows_NT
PROCESSOR_IDENTIFIER=Intel64 Family 6 Model 142 Stepping 10, GenuineIntel



---------------  S Y S T E M  ---------------

OS: Windows 10 , 64 bit Build 17134 (10.0.17134.1)

CPU:total 8 (initial active 8) (4 cores per cpu, 2 threads per core) family 6 model 142 stepping 10, cmov, cx8, fxsr, mmx, sse, sse2, sse3, ssse3, sse4.1, sse4.2, popcnt, avx, avx2, aes, clmul, erms, 3dnowpref, lzcnt, ht, tsc, tscinvbit, bmi1, bmi2, adx, fma

Memory: 4k page, system-wide physical 8074M (3128M free)
TotalPageFile size 12852M (AvailPageFile size 2968M)
current process WorkingSet (physical memory assigned to process): 18M, peak: 33M
current process commit charge ("private bytes"): 204M, peak: 205M

vm_info: Java HotSpot(TM) 64-Bit Server VM (11.0.1+13-LTS) for windows-amd64 JRE (11.0.1+13-LTS), built on Oct  6 2018 13:20:16 by "mach5one" with MS VC++ 15.5 (VS2017)

END.
